{
  "RSpec": {
    "coverage": {
      "J:/Workspace/Remitano-Jobapply/remi-round2/app/helpers/application_helper.rb": {
        "lines": [
          null,
          null,
          1,
          null
        ]
      },
      "J:/Workspace/Remitano-Jobapply/remi-round2/app/helpers/sessions_helper.rb": {
        "lines": [
          null,
          null,
          1,
          null
        ]
      },
      "J:/Workspace/Remitano-Jobapply/remi-round2/app/helpers/users_helper.rb": {
        "lines": [
          null,
          null,
          1,
          null
        ]
      },
      "J:/Workspace/Remitano-Jobapply/remi-round2/app/helpers/videos_helper.rb": {
        "lines": [
          null,
          null,
          1,
          null
        ]
      },
      "J:/Workspace/Remitano-Jobapply/remi-round2/app/controllers/sessions_controller.rb": {
        "lines": [
          null,
          null,
          1,
          1,
          1,
          null,
          null,
          1,
          4,
          null,
          null,
          1,
          13,
          null,
          13,
          9,
          9,
          9,
          null,
          4,
          4,
          null,
          null,
          null,
          1,
          27,
          1,
          1,
          null,
          null,
          27,
          null,
          null,
          1,
          5,
          5,
          null,
          null,
          1,
          41,
          null,
          null
        ]
      },
      "J:/Workspace/Remitano-Jobapply/remi-round2/app/controllers/users_controller.rb": {
        "lines": [
          null,
          null,
          1,
          1,
          1,
          null,
          1,
          3,
          null,
          null,
          1,
          11,
          11,
          null,
          11,
          null,
          11,
          8,
          8,
          null,
          3,
          3,
          null,
          null,
          null,
          1,
          25,
          2,
          2,
          null,
          null,
          null,
          25,
          null,
          null,
          1,
          23,
          1,
          1,
          null,
          null,
          23,
          null,
          null,
          1,
          null,
          1,
          11,
          null,
          null,
          11,
          null,
          null,
          null,
          null,
          1,
          117,
          null,
          null
        ]
      },
      "J:/Workspace/Remitano-Jobapply/remi-round2/app/controllers/videos_controller.rb": {
        "lines": [
          null,
          null,
          1,
          1,
          1,
          30,
          null,
          null,
          1,
          6,
          null,
          null,
          1,
          8,
          null,
          4,
          4,
          4,
          8,
          null,
          null,
          null,
          1,
          36,
          null,
          32,
          null,
          null,
          1,
          null,
          1,
          36,
          36,
          null,
          36,
          32,
          null,
          4,
          null,
          null,
          null,
          1,
          12,
          null,
          null,
          8,
          null,
          null,
          null,
          null,
          null,
          null,
          null,
          1,
          108,
          null,
          null
        ]
      },
      "J:/Workspace/Remitano-Jobapply/remi-round2/app/models/user.rb": {
        "lines": [
          null,
          null,
          1,
          1,
          null,
          1,
          null
        ]
      },
      "J:/Workspace/Remitano-Jobapply/remi-round2/app/models/application_record.rb": {
        "lines": [
          null,
          null,
          1,
          1,
          null
        ]
      },
      "J:/Workspace/Remitano-Jobapply/remi-round2/app/models/video.rb": {
        "lines": [
          null,
          null,
          1,
          1,
          1,
          1,
          1,
          null
        ]
      }
    },
    "timestamp": 1681980869
  }
}
