{
  "RSpec": {
    "coverage": {
      "J:/Workspace/Remitano-Jobapply/remi-round2/app/helpers/application_helper.rb": {
        "lines": [
          null,
          null,
          1,
          null
        ]
      },
      "J:/Workspace/Remitano-Jobapply/remi-round2/app/helpers/sessions_helper.rb": {
        "lines": [
          null,
          null,
          1,
          null
        ]
      },
      "J:/Workspace/Remitano-Jobapply/remi-round2/app/helpers/users_helper.rb": {
        "lines": [
          null,
          null,
          1,
          null
        ]
      },
      "J:/Workspace/Remitano-Jobapply/remi-round2/app/helpers/videos_helper.rb": {
        "lines": [
          null,
          null,
          1,
          null
        ]
      },
      "J:/Workspace/Remitano-Jobapply/remi-round2/app/controllers/application_controller.rb": {
        "lines": [
          null,
          null,
          1,
          1,
          null,
          1,
          null,
          1,
          12,
          4,
          null,
          8,
          null,
          null,
          null,
          1,
          3,
          null,
          null,
          1,
          9,
          null,
          null
        ]
      },
      "J:/Workspace/Remitano-Jobapply/remi-round2/app/controllers/sessions_controller.rb": {
        "lines": [
          null,
          null,
          1,
          1,
          null,
          1,
          4,
          null,
          null,
          1,
          10,
          7,
          7,
          null,
          3,
          null,
          10,
          null,
          null,
          1,
          3,
          3,
          null,
          null,
          1,
          10,
          null,
          null
        ]
      },
      "J:/Workspace/Remitano-Jobapply/remi-round2/app/controllers/users_controller.rb": {
        "lines": [
          null,
          null,
          1,
          1,
          null,
          1,
          4,
          null,
          null,
          1,
          7,
          null,
          7,
          7,
          6,
          null,
          4,
          8,
          4,
          null,
          null,
          null,
          null,
          1,
          null,
          1,
          7,
          null,
          null,
          6,
          null,
          null,
          null,
          null,
          1,
          26,
          null,
          null
        ]
      },
      "J:/Workspace/Remitano-Jobapply/remi-round2/app/controllers/videos_controller.rb": {
        "lines": [
          null,
          null,
          1,
          1,
          2,
          null,
          null,
          1,
          3,
          null,
          null,
          1,
          6,
          null,
          6,
          6,
          6,
          null,
          6,
          3,
          null,
          null,
          null,
          null,
          1,
          null,
          1,
          6,
          null,
          null,
          3,
          null,
          null,
          null,
          null,
          null,
          null,
          null,
          1,
          15,
          null,
          null,
          1,
          30,
          null,
          null
        ]
      },
      "J:/Workspace/Remitano-Jobapply/remi-round2/app/models/user.rb": {
        "lines": [
          null,
          null,
          1,
          1,
          null,
          1,
          null
        ]
      },
      "J:/Workspace/Remitano-Jobapply/remi-round2/app/models/application_record.rb": {
        "lines": [
          null,
          null,
          1,
          1,
          null
        ]
      },
      "J:/Workspace/Remitano-Jobapply/remi-round2/app/models/video.rb": {
        "lines": [
          null,
          null,
          1,
          1,
          1,
          1,
          1,
          null
        ]
      }
    },
    "timestamp": 1681899919
  }
}
